<?xml version="1.0" encoding="UTF-8"?>
<testsuites>
  <testsuite name="TestResults" errors="0" tests="32" failures="0" skipped="0" time="0.25460675">
    <testcase classname="WKZombieAppleTests.SnapshotTests" name="createSnapshot()" time="0.000976833" />
    <testcase classname="WKZombieAppleTests.WKZombieAppleExtensionTests" name="createWKZombieWithWebKit()" time="0.100965416" />
    <testcase classname="WKZombieAppleTests.WebKitEngineTests" name="webkitSupportsJS()" time="0.0961185" />
    <testcase classname="WKZombieAppleTests.WebKitEngineTests" name="createWebKitEngine()" time="0.079582834" />
    <testcase classname="WKZombieTests.PlatformComparisonTests" name="consistentHTMLParsing()" time="0.02880475" />
    <testcase classname="WKZombieTests.PostActionTests" name="postActionWait()" time="0.005010042" />
    <testcase classname="WKZombieTests.PostActionTests" name="postActionValidate()" time="0.004856" />
    <testcase classname="WKZombieTests.PostActionTests" name="postActionNone()" time="0.004873209" />
    <testcase classname="WKZombieTests.HTMLParserTests" name="parseHTMLFindForm()" time="0.029924375" />
    <testcase classname="WKZombieTests.HTMLParserTests" name="cssQueryGeneration()" time="0.004853666" />
    <testcase classname="WKZombieTests.HTMLParserTests" name="parseHTMLFindTable()" time="0.030654708" />
    <testcase classname="WKZombieTests.HTMLParserTests" name="parseHTMLFindByClass()" time="0.02811225" />
    <testcase classname="WKZombieTests.HTMLParserTests" name="parseHTMLFindLinks()" time="0.028045375" />
    <testcase classname="WKZombieTests.HTMLParserTests" name="parseHTMLFindByID()" time="0.028296417" />
    <testcase classname="WKZombieTests.JavaScriptRenderingTests" name="headlessEngineNoJavaScript()" time="0.005085084" />
    <testcase classname="WKZombieTests.JavaScriptRenderingTests" name="parseStaticHTML()" time="0.028831375" />
    <testcase classname="WKZombieTests.JavaScriptRenderingTests" name="extractUberJobs()" time="0.253403542" />
    <testcase classname="WKZombieTests.JSONParsingTests" name="jsonDecoding()" time="0.005228958" />
    <testcase classname="WKZombieTests.JSONParsingTests" name="jsonPageParsing()" time="0.005383625" />
    <testcase classname="WKZombieTests.ActionTests" name="chainOperator()" time="0.004839041" />
    <testcase classname="WKZombieTests.ActionTests" name="actionWithValue()" time="0.004792333" />
    <testcase classname="WKZombieTests.ActionTests" name="actionMap()" time="0.005014583" />
    <testcase classname="WKZombieTests.ActionTests" name="actionWithError()" time="0.004834625" />
    <testcase classname="WKZombieTests.ActionTests" name="actionAndThen()" time="0.00475175" />
    <testcase classname="WKZombieTests.SearchTypeTests" name="containsSearchType()" time="0.004733917" />
    <testcase classname="WKZombieTests.SearchTypeTests" name="attributeSearchType()" time="0.004825666" />
    <testcase classname="WKZombieTests.SearchTypeTests" name="textSearchType()" time="0.004742209" />
    <testcase classname="WKZombieTests.SearchTypeTests" name="classSearchType()" time="0.001245625" />
    <testcase classname="WKZombieTests.SearchTypeTests" name="nameSearchType()" time="0.004886625" />
    <testcase classname="WKZombieTests.SearchTypeTests" name="idSearchType()" time="0.004917417" />
    <testcase classname="WKZombieTests.HeadlessEngineTests" name="headlessNoJS()" time="0.005300917" />
    <testcase classname="WKZombieTests.HeadlessEngineTests" name="headlessNoContent()" time="0.005358708" />
  </testsuite>
</testsuites>
